Using pre-set license
Built from '2021.3/staging' branch; Version is '2021.3.37f1 (3b6005ad5ad6) revision 3891205'; Using compiler version '192829333'; Build Type 'Release'
OS: 'Windows 11  (10.0.22631) 64bit Core' Language: 'ja' Physical Memory: 16300 MB
BatchMode: 1, IsHumanControllingUs: 0, StartBugReporterOnCrash: 0, Is64bit: 1, IsPro: 1

COMMAND LINE ARGUMENTS:
C:\Program Files\Unity\Hub\Editor\2021.3.37f1\Editor\Unity.exe
-adb2
-batchMode
-noUpm
-name
AssetImportWorker0
-projectPath
C:/Users/olab/Desktop/ito/UnityProject/Time-Operation_2D_prot2_forGit
-logFile
Logs/AssetImportWorker0.log
-srvPort
56384
Successfully changed project path to: C:/Users/olab/Desktop/ito/UnityProject/Time-Operation_2D_prot2_forGit
C:/Users/olab/Desktop/ito/UnityProject/Time-Operation_2D_prot2_forGit
[UnityMemory] Configuration Parameters - Can be set up in boot.config
    "memorysetup-bucket-allocator-granularity=16"
    "memorysetup-bucket-allocator-bucket-count=8"
    "memorysetup-bucket-allocator-block-size=33554432"
    "memorysetup-bucket-allocator-block-count=8"
    "memorysetup-main-allocator-block-size=16777216"
    "memorysetup-thread-allocator-block-size=16777216"
    "memorysetup-gfx-main-allocator-block-size=16777216"
    "memorysetup-gfx-thread-allocator-block-size=16777216"
    "memorysetup-cache-allocator-block-size=4194304"
    "memorysetup-typetree-allocator-block-size=2097152"
    "memorysetup-profiler-bucket-allocator-granularity=16"
    "memorysetup-profiler-bucket-allocator-bucket-count=8"
    "memorysetup-profiler-bucket-allocator-block-size=33554432"
    "memorysetup-profiler-bucket-allocator-block-count=8"
    "memorysetup-profiler-allocator-block-size=16777216"
    "memorysetup-profiler-editor-allocator-block-size=1048576"
    "memorysetup-temp-allocator-size-main=16777216"
    "memorysetup-job-temp-allocator-block-size=2097152"
    "memorysetup-job-temp-allocator-block-size-background=1048576"
    "memorysetup-job-temp-allocator-reduction-small-platforms=262144"
    "memorysetup-temp-allocator-size-background-worker=32768"
    "memorysetup-temp-allocator-size-job-worker=262144"
    "memorysetup-temp-allocator-size-preload-manager=33554432"
    "memorysetup-temp-allocator-size-nav-mesh-worker=65536"
    "memorysetup-temp-allocator-size-audio-worker=65536"
    "memorysetup-temp-allocator-size-cloud-worker=32768"
    "memorysetup-temp-allocator-size-gi-baking-worker=262144"
    "memorysetup-temp-allocator-size-gfx=262144"
Player connection [14272] Host "[IP] 192.168.2.200 [Port] 0 [Flags] 2 [Guid] 3401348994 [EditorId] 3401348994 [Version] 1048832 [Id] WindowsEditor(7,DESKTOP-2KDNVOI) [Debug] 1 [PackageName] WindowsEditor [ProjectName] Editor" joined multi-casting on [225.0.0.222:54997]...

Player connection [14272] Host "[IP] 192.168.2.200 [Port] 0 [Flags] 2 [Guid] 3401348994 [EditorId] 3401348994 [Version] 1048832 [Id] WindowsEditor(7,DESKTOP-2KDNVOI) [Debug] 1 [PackageName] WindowsEditor [ProjectName] Editor" joined alternative multi-casting on [225.0.0.222:34997]...

[Physics::Module] Initialized MultithreadedJobDispatcher with {0} workers.
Refreshing native plugins compatible for Editor in 84.84 ms, found 6 plugins.
Preloading 0 native plugins for Editor in 0.00 ms.
Initialize engine version: 2021.3.37f1 (3b6005ad5ad6)
[Subsystems] Discovering subsystems at path C:/Program Files/Unity/Hub/Editor/2021.3.37f1/Editor/Data/Resources/UnitySubsystems
[Subsystems] Discovering subsystems at path C:/Users/olab/Desktop/ito/UnityProject/Time-Operation_2D_prot2_forGit/Assets
GfxDevice: creating device client; threaded=0; jobified=0
Direct3D:
    Version:  Direct3D 11.0 [level 11.1]
    Renderer: NVIDIA GeForce RTX 2080 Ti (ID=0x1e04)
    Vendor:   NVIDIA
    VRAM:     11049 MB
    Driver:   31.0.15.1694
Initialize mono
Mono path[0] = 'C:/Program Files/Unity/Hub/Editor/2021.3.37f1/Editor/Data/Managed'
Mono path[1] = 'C:/Program Files/Unity/Hub/Editor/2021.3.37f1/Editor/Data/MonoBleedingEdge/lib/mono/unityjit-win32'
Mono config path = 'C:/Program Files/Unity/Hub/Editor/2021.3.37f1/Editor/Data/MonoBleedingEdge/etc'
Using monoOptions --debugger-agent=transport=dt_socket,embedding=1,server=y,suspend=n,address=127.0.0.1:56400
Begin MonoManager ReloadAssembly
Registering precompiled unity dll's ...
Register platform support module: C:/Program Files/Unity/Hub/Editor/2021.3.37f1/Editor/Data/PlaybackEngines/WindowsStandaloneSupport/UnityEditor.WindowsStandalone.Extensions.dll
Register platform support module: C:/Program Files/Unity/Hub/Editor/2021.3.37f1/Editor/Data/PlaybackEngines/MetroSupport/UnityEditor.UWP.Extensions.dll
Registered in 0.007814 seconds.
Native extension for UWP target not found
Native extension for WindowsStandalone target not found
Refreshing native plugins compatible for Editor in 78.49 ms, found 6 plugins.
Preloading 0 native plugins for Editor in 0.00 ms.
Mono: successfully reloaded assembly
- Completed reload, in  0.768 seconds
Domain Reload Profiling:
	ReloadAssembly (768ms)
		BeginReloadAssembly (218ms)
			ExecutionOrderSort (0ms)
			DisableScriptedObjects (0ms)
			BackupInstance (0ms)
			ReleaseScriptingObjects (0ms)
			CreateAndSetChildDomain (1ms)
		EndReloadAssembly (451ms)
			LoadAssemblies (222ms)
			RebuildTransferFunctionScriptingTraits (0ms)
			SetupTypeCache (105ms)
			ReleaseScriptCaches (0ms)
			RebuildScriptCaches (28ms)
			SetupLoadedEditorAssemblies (272ms)
				LogAssemblyErrors (0ms)
				InitializePlatformSupportModulesInManaged (8ms)
				SetLoadedEditorAssemblies (0ms)
				RefreshPlugins (79ms)
				BeforeProcessingInitializeOnLoad (1ms)
				ProcessInitializeOnLoadAttributes (135ms)
				ProcessInitializeOnLoadMethodAttributes (48ms)
				AfterProcessingInitializeOnLoad (0ms)
				EditorAssembliesLoaded (0ms)
			ExecutionOrderSort2 (0ms)
			AwakeInstancesAfterBackupRestoration (0ms)
Platform modules already initialized, skipping
Registering precompiled user dll's ...
Registered in 0.016458 seconds.
Begin MonoManager ReloadAssembly
Native extension for UWP target not found
Native extension for WindowsStandalone target not found
Refreshing native plugins compatible for Editor in 96.10 ms, found 6 plugins.
Preloading 0 native plugins for Editor in 0.00 ms.
Package Manager log level set to [2]
[Package Manager] Server::EnsureServerProcessIsRunning -- launch failed, reason: Unity was launched with the -noUpm command-line argument
[Package Manager] Cannot connect to Unity Package Manager local server
Mono: successfully reloaded assembly
- Completed reload, in  2.197 seconds
Domain Reload Profiling:
	ReloadAssembly (2198ms)
		BeginReloadAssembly (290ms)
			ExecutionOrderSort (0ms)
			DisableScriptedObjects (6ms)
			BackupInstance (0ms)
			ReleaseScriptingObjects (0ms)
			CreateAndSetChildDomain (20ms)
		EndReloadAssembly (1740ms)
			LoadAssemblies (550ms)
			RebuildTransferFunctionScriptingTraits (0ms)
			SetupTypeCache (339ms)
			ReleaseScriptCaches (1ms)
			RebuildScriptCaches (65ms)
			SetupLoadedEditorAssemblies (903ms)
				LogAssemblyErrors (0ms)
				InitializePlatformSupportModulesInManaged (7ms)
				SetLoadedEditorAssemblies (0ms)
				RefreshPlugins (96ms)
				BeforeProcessingInitializeOnLoad (102ms)
				ProcessInitializeOnLoadAttributes (638ms)
				ProcessInitializeOnLoadMethodAttributes (49ms)
				AfterProcessingInitializeOnLoad (11ms)
				EditorAssembliesLoaded (0ms)
			ExecutionOrderSort2 (0ms)
			AwakeInstancesAfterBackupRestoration (9ms)
Platform modules already initialized, skipping
========================================================================
Worker process is ready to serve import requests
Launched and connected shader compiler UnityShaderCompiler.exe after 0.08 seconds
Refreshing native plugins compatible for Editor in 0.62 ms, found 6 plugins.
Preloading 0 native plugins for Editor in 0.00 ms.
Unloading 3996 Unused Serialized files (Serialized files now loaded: 0)
Unloading 39 unused Assets / (46.8 KB). Loaded Objects now: 4450.
Memory consumption went from 153.5 MB to 153.5 MB.
Total: 3.165400 ms (FindLiveObjects: 0.319700 ms CreateObjectMapping: 0.250700 ms MarkObjects: 2.517800 ms  DeleteObjects: 0.076200 ms)

AssetImportParameters requested are different than current active one (requested -> active):
  custom:video-decoder-ogg-theora: a1e56fd34408186e4bbccfd4996cb3dc -> 
  custom:container-muxer-webm: aa71ff27fc2769a1b78a27578f13a17b -> 
  custom:container-demuxer-webm: 4f35f7cbe854078d1ac9338744f61a02 -> 
  custom:video-encoder-webm-vp8: eb34c28f22e8b96e1ab97ce403110664 -> 
  custom:CustomObjectIndexerAttribute: bc11b3a6c3213fcdd17b65e7da85e133 -> 
  custom:audio-encoder-webm-vorbis: bf7c407c2cedff20999df2af8eb42d56 -> 
  custom:framework-win-MediaFoundation: 216162199b28c13a410421893ffa2e32 -> 
  custom:SearchIndexIgnoredProperties: e643bd26f0fe6173181afceb89e7c659 -> 
  custom:container-demuxer-ogg: 62fdf1f143b41e24485cea50d1cbac27 -> 
  custom:video-decoder-webm-vp8: 9c59270c3fd7afecdb556c50c9e8de78 -> 
  custom:audio-decoder-ogg-vorbis: bf7c407c2cedff20999df2af8eb42d56 -> 
========================================================================
Received Import Request.
  Time since last request: 852093.449692 seconds.
  path: Assets/originalAssets/DashLine.mat
  artifactKey: Guid(10ce3ad0dc78b4444a1bf7851bbf08f6) Importer(815301076,1909f56bfc062723c751e8b465ee728b)
Number of updated assets reloaded before import = 0
Start importing Assets/originalAssets/DashLine.mat using Guid(10ce3ad0dc78b4444a1bf7851bbf08f6) Importer(815301076,1909f56bfc062723c751e8b465ee728b)  -> (artifact id: 'f744bb695f5255dfb5942f35ff4b7f41') in 0.168760 seconds 
Number of asset objects unloaded after import = 1
========================================================================
Received Import Request.
  Time since last request: 15.471235 seconds.
  path: Assets/originalAssets/DashLine.mat
  artifactKey: Guid(10ce3ad0dc78b4444a1bf7851bbf08f6) Importer(815301076,1909f56bfc062723c751e8b465ee728b)
Number of updated assets reloaded before import = 1
Start importing Assets/originalAssets/DashLine.mat using Guid(10ce3ad0dc78b4444a1bf7851bbf08f6) Importer(815301076,1909f56bfc062723c751e8b465ee728b)  -> (artifact id: 'a7bf2db4ce08760450ca5ac0da73fdf6') in 0.070991 seconds 
Number of asset objects unloaded after import = 1
========================================================================
Received Import Request.
  Time since last request: 169.013607 seconds.
  path: Assets/originalAssets/DashLine.shader
  artifactKey: Guid(d34bee637dc42ad46b3cf15c30cc7131) Importer(815301076,1909f56bfc062723c751e8b465ee728b)
Number of updated assets reloaded before import = 0
Start importing Assets/originalAssets/DashLine.shader using Guid(d34bee637dc42ad46b3cf15c30cc7131) Importer(815301076,1909f56bfc062723c751e8b465ee728b)  -> (artifact id: '0ecb802544a384b2ce58eb5b1725a1b0') in 0.052416 seconds 
Number of asset objects unloaded after import = 0
========================================================================
Received Import Request.
  Time since last request: 8.572413 seconds.
  path: Assets/originalAssets/DashLine2.mat
  artifactKey: Guid(c6625461a0622b04789c70cf7b4d8ddd) Importer(815301076,1909f56bfc062723c751e8b465ee728b)
Number of updated assets reloaded before import = 0
Start importing Assets/originalAssets/DashLine2.mat using Guid(c6625461a0622b04789c70cf7b4d8ddd) Importer(815301076,1909f56bfc062723c751e8b465ee728b)  -> (artifact id: '2789ac98ae5eab04dfcc82855fed8802') in 0.021087 seconds 
Number of asset objects unloaded after import = 1
========================================================================
Received Import Request.
  Time since last request: 142.818287 seconds.
  path: Assets/originalAssets/Jugyo
  artifactKey: Guid(0b7cece35c69c8b4793522787cd08d99) Importer(815301076,1909f56bfc062723c751e8b465ee728b)
Number of updated assets reloaded before import = 0
Start importing Assets/originalAssets/Jugyo using Guid(0b7cece35c69c8b4793522787cd08d99) Importer(815301076,1909f56bfc062723c751e8b465ee728b)  -> (artifact id: 'db06c655fcba794a95c7bf81e6a149f3') in 0.008079 seconds 
Number of asset objects unloaded after import = 0
========================================================================
Received Import Request.
  Time since last request: 9.850951 seconds.
  path: Assets/originalAssets/Jugyo/DashLine.mat
  artifactKey: Guid(10ce3ad0dc78b4444a1bf7851bbf08f6) Importer(815301076,1909f56bfc062723c751e8b465ee728b)
Number of updated assets reloaded before import = 0
Start importing Assets/originalAssets/Jugyo/DashLine.mat using Guid(10ce3ad0dc78b4444a1bf7851bbf08f6) Importer(815301076,1909f56bfc062723c751e8b465ee728b)  -> (artifact id: '879ba3bc496866fa703aec3c3a3c8c26') in 0.015572 seconds 
Number of asset objects unloaded after import = 1
========================================================================
Received Import Request.
  Time since last request: 4739.024111 seconds.
  path: Assets/originalAssets/Jugyo/DashLineRight.mat
  artifactKey: Guid(c6625461a0622b04789c70cf7b4d8ddd) Importer(815301076,1909f56bfc062723c751e8b465ee728b)
Number of updated assets reloaded before import = 0
Start importing Assets/originalAssets/Jugyo/DashLineRight.mat using Guid(c6625461a0622b04789c70cf7b4d8ddd) Importer(815301076,1909f56bfc062723c751e8b465ee728b)  -> (artifact id: 'f4f65217c1f896c59afeb76d442fed43') in 0.029668 seconds 
Number of asset objects unloaded after import = 1
========================================================================
Received Import Request.
  Time since last request: 5.413330 seconds.
  path: Assets/originalAssets/Jugyo/DashLineLeft.mat
  artifactKey: Guid(10ce3ad0dc78b4444a1bf7851bbf08f6) Importer(815301076,1909f56bfc062723c751e8b465ee728b)
Number of updated assets reloaded before import = 0
Start importing Assets/originalAssets/Jugyo/DashLineLeft.mat using Guid(10ce3ad0dc78b4444a1bf7851bbf08f6) Importer(815301076,1909f56bfc062723c751e8b465ee728b)  -> (artifact id: '587d1b20bb60cd618a8a76a075b527ce') in 0.016206 seconds 
Number of asset objects unloaded after import = 1
========================================================================
Received Import Request.
  Time since last request: 3.983566 seconds.
  path: Assets/originalAssets/Jugyo/DashLineLeft 1.mat
  artifactKey: Guid(91c7400e3ddc90649904a8ebef6a39fe) Importer(815301076,1909f56bfc062723c751e8b465ee728b)
Number of updated assets reloaded before import = 0
Start importing Assets/originalAssets/Jugyo/DashLineLeft 1.mat using Guid(91c7400e3ddc90649904a8ebef6a39fe) Importer(815301076,1909f56bfc062723c751e8b465ee728b)  -> (artifact id: '41cd0a403bd53d1ca0ad11b1cfbe7c9f') in 0.014345 seconds 
Number of asset objects unloaded after import = 1
========================================================================
Received Import Request.
  Time since last request: 15.951820 seconds.
  path: Assets/originalAssets/Jugyo/LeftHidariUe.mat
  artifactKey: Guid(91c7400e3ddc90649904a8ebef6a39fe) Importer(815301076,1909f56bfc062723c751e8b465ee728b)
Number of updated assets reloaded before import = 0
Start importing Assets/originalAssets/Jugyo/LeftHidariUe.mat using Guid(91c7400e3ddc90649904a8ebef6a39fe) Importer(815301076,1909f56bfc062723c751e8b465ee728b)  -> (artifact id: 'a272ecb6c06f8508040e6e443ec6c9b0') in 0.012104 seconds 
Number of asset objects unloaded after import = 1
========================================================================
Received Import Request.
  Time since last request: 215.268057 seconds.
  path: Assets/originalAssets/Jugyo/LeftHidariUe 1.mat
  artifactKey: Guid(989f19da0e775304ba7cbf12aebbae79) Importer(815301076,1909f56bfc062723c751e8b465ee728b)
Number of updated assets reloaded before import = 0
Start importing Assets/originalAssets/Jugyo/LeftHidariUe 1.mat using Guid(989f19da0e775304ba7cbf12aebbae79) Importer(815301076,1909f56bfc062723c751e8b465ee728b)  -> (artifact id: 'a6c79d0221679405b5c3ba12245cf563') in 0.014335 seconds 
Number of asset objects unloaded after import = 1
========================================================================
Received Import Request.
  Time since last request: 10.085379 seconds.
  path: Assets/originalAssets/Jugyo/RightHidariUe.mat
  artifactKey: Guid(989f19da0e775304ba7cbf12aebbae79) Importer(815301076,1909f56bfc062723c751e8b465ee728b)
Number of updated assets reloaded before import = 0
Start importing Assets/originalAssets/Jugyo/RightHidariUe.mat using Guid(989f19da0e775304ba7cbf12aebbae79) Importer(815301076,1909f56bfc062723c751e8b465ee728b)  -> (artifact id: '629f2c9c05b57daede1d799ee30ab119') in 0.012889 seconds 
Number of asset objects unloaded after import = 1
